{"/Users/I528971/Desktop/DevOps Assignment/frontend/src/pages/Home.js": {"path":"/Users/I528971/Desktop/DevOps Assignment/frontend/src/pages/Home.js","statementMap":{"0":{"start":{"line":2,"column":4},"end":{"line":59,"column":5}}},"fnMap":{"0":{"name":"Home","decl":{"start":{"line":1,"column":24},"end":{"line":1,"column":28}},"loc":{"start":{"line":1,"column":31},"end":{"line":60,"column":1}},"line":1}},"branchMap":{},"s":{"0":1},"f":{"0":1},"b":{},"_coverageSchema":"1a1c01bbd47fc00a2c39e90264f33305004495a9","hash":"859872ef5d4675178297b4e3b341c2f7449aa957"}
}
